// Spring Shell 1.1.0.RELEASE log opened at 2017-05-23 17:25:11
// Spring Shell 1.1.0.RELEASE log opened at 2017-05-24 11:16:45
exit
// Spring Shell 1.1.0.RELEASE log closed at 2017-05-24 11:47:00
// Spring Shell 1.1.0.RELEASE log opened at 2017-05-24 11:50:10
// Spring Shell 1.1.0.RELEASE log opened at 2017-05-24 14:03:52
// Spring Shell 1.1.0.RELEASE log opened at 2017-05-24 16:58:04
// [failed] cleanUpReport 
// [failed] cleanUpReport 
// [failed] cleanUpReport 
// [failed] cleanUpReport 
// Spring Shell 1.1.0.RELEASE log opened at 2017-05-29 14:53:00
// [failed] cleanUpReport 
// [failed] cleanUpReport 
// Spring Shell 1.1.0.RELEASE log opened at 2017-05-31 10:32:11
// [failed] cleanUpReport 
// Spring Shell 1.1.0.RELEASE log opened at 2017-06-01 17:14:22
// [failed] cleanUpReport 
// [failed] cleanUpReport 
// [failed] cleanUpReport 
exit
// Spring Shell 1.1.0.RELEASE log closed at 2017-06-02 04:50:54
// Spring Shell 1.1.0.RELEASE log opened at 2017-06-02 19:42:03
// [failed] cleanUpReport 
// [failed] cleanUpReport 
exit
// Spring Shell 1.1.0.RELEASE log closed at 2017-06-02 19:46:33
// Spring Shell 1.1.0.RELEASE log opened at 2017-06-14 16:04:36
// [failed] cleanUpReport 
exit
// Spring Shell 1.1.0.RELEASE log closed at 2017-06-14 16:30:45
// Spring Shell 1.1.0.RELEASE log opened at 2017-06-14 18:12:17
// [failed] cleanUpReport 
exit
// Spring Shell 1.1.0.RELEASE log closed at 2017-06-15 02:34:01
// Spring Shell 1.1.0.RELEASE log opened at 2017-06-15 02:42:00
// [failed] cleanUpReport 
exit
// Spring Shell 1.1.0.RELEASE log closed at 2017-06-15 17:53:26
// Spring Shell 1.1.0.RELEASE log opened at 2017-06-15 17:56:51
// [failed] cleanUpReport 
exit
// Spring Shell 1.1.0.RELEASE log closed at 2017-06-15 18:43:47
// Spring Shell 1.1.0.RELEASE log opened at 2017-06-15 20:54:44
// [failed] cleanUpReport 
exit
// Spring Shell 1.1.0.RELEASE log closed at 2017-06-16 02:18:43
// Spring Shell 1.1.0.RELEASE log opened at 2017-06-16 03:08:24
// [failed] cleanUpReport 
exit
// Spring Shell 1.1.0.RELEASE log closed at 2017-06-16 05:26:00
// Spring Shell 1.1.0.RELEASE log opened at 2017-06-16 05:33:25
// [failed] cleanUpReport 
exit
// Spring Shell 1.1.0.RELEASE log closed at 2017-06-16 17:14:30
// Spring Shell 1.1.0.RELEASE log opened at 2017-06-16 17:25:22
// [failed] cleanUpReport 
exit
// Spring Shell 1.1.0.RELEASE log closed at 2017-06-17 03:21:59
// Spring Shell 1.1.0.RELEASE log opened at 2017-06-17 03:24:16
// [failed] cleanUpReport 
exit
// Spring Shell 1.1.0.RELEASE log closed at 2017-06-17 12:59:51
// Spring Shell 1.1.0.RELEASE log opened at 2017-06-17 13:01:45
// [failed] cleanUpReport
exit
// Spring Shell 1.1.0.RELEASE log closed at 2017-06-17 22:35:58
// Spring Shell 1.1.0.RELEASE log opened at 2017-06-17 22:52:13
// [failed] cleanUpReport 
exit
// Spring Shell 1.1.0.RELEASE log closed at 2017-06-18 09:16:22
// Spring Shell 1.1.0.RELEASE log opened at 2017-06-18 10:46:38
// [failed] cleanUpReport 
v
exit
// Spring Shell 1.1.0.RELEASE log closed at 2017-06-19 11:39:05
// Spring Shell 1.1.0.RELEASE log opened at 2017-06-19 13:17:27
// [failed] cleanUpReport 
exit
// Spring Shell 1.1.0.RELEASE log closed at 2017-06-19 14:59:10
// Spring Shell 1.1.0.RELEASE log opened at 2017-07-03 18:59:50
exit
// Spring Shell 1.1.0.RELEASE log closed at 2017-07-03 19:02:02
// Spring Shell 1.1.0.RELEASE log opened at 2017-07-04 17:02:28
// [failed] cleanUpReport 
exit
// Spring Shell 1.1.0.RELEASE log closed at 2017-07-04 18:45:35
// Spring Shell 1.1.0.RELEASE log opened at 2017-07-04 20:47:57
// [failed] cleanUpReport 
exit
// Spring Shell 1.1.0.RELEASE log closed at 2017-07-05 04:08:30
// Spring Shell 1.1.0.RELEASE log opened at 2017-07-05 04:10:39
// [failed] cleanUpReport 
exit
// Spring Shell 1.1.0.RELEASE log closed at 2017-07-05 07:10:52
// Spring Shell 1.1.0.RELEASE log opened at 2017-07-05 10:26:41
// [failed] cleanUpReport 
// [failed] cleanUpReport
// [failed] cleanUpReport
exit
// Spring Shell 1.1.0.RELEASE log closed at 2017-07-05 11:13:34
// Spring Shell 1.1.0.RELEASE log opened at 2017-07-05 13:32:43
// [failed] cleanUpReport 
// [failed] cleanUpReport
// [failed] cleanUpReport
// [failed] cleanUpReport
exit
// Spring Shell 1.1.0.RELEASE log closed at 2017-07-05 15:30:55
// Spring Shell 1.1.0.RELEASE log opened at 2017-07-05 15:53:01
// [failed] cleanUpReport 
// [failed] cleanUpReport
exit
// Spring Shell 1.1.0.RELEASE log closed at 2017-07-05 20:49:06
// Spring Shell 1.1.0.RELEASE log opened at 2017-07-05 20:52:16
// [failed] cleanUpReport
exit
// Spring Shell 1.1.0.RELEASE log closed at 2017-07-06 07:48:21
// Spring Shell 1.1.0.RELEASE log opened at 2017-07-06 11:33:46
// [failed] cleanUpReport 
// [failed] cleanUpReport 
exit
// Spring Shell 1.1.0.RELEASE log closed at 2017-07-06 12:31:51
// Spring Shell 1.1.0.RELEASE log opened at 2017-07-06 12:44:09
// [failed] cleanUpReport 
// [failed] cleanUpReport 
exit
// Spring Shell 1.1.0.RELEASE log closed at 2017-07-06 12:47:03
// Spring Shell 1.1.0.RELEASE log opened at 2017-07-06 12:48:11
// [failed] cleanUpReport 
exit
// Spring Shell 1.1.0.RELEASE log closed at 2017-07-06 16:02:51
// Spring Shell 1.1.0.RELEASE log opened at 2017-07-06 18:07:14
// [failed] cleanUpReport 
exit
// Spring Shell 1.1.0.RELEASE log closed at 2017-07-06 18:15:22
// Spring Shell 1.1.0.RELEASE log opened at 2017-07-07 14:55:00
// [failed] cleanUpReport 
// [failed] cleanUpReport 
exit
// Spring Shell 1.1.0.RELEASE log closed at 2017-07-07 15:36:45
// Spring Shell 1.1.0.RELEASE log opened at 2017-07-07 15:45:38
// [failed] cleanUpReport 
exit
// Spring Shell 1.1.0.RELEASE log closed at 2017-07-07 18:40:10
// Spring Shell 1.1.0.RELEASE log opened at 2017-07-07 18:41:20
// [failed] cleanUpReport 
// [failed] cleanUpReport 
exit
// Spring Shell 1.1.0.RELEASE log closed at 2017-07-08 00:28:34
